<?xml version="1.0" encoding="UTF-8" ?>
<testsuite tests="12" failures="11" name="TestSuite" time="6.475" errors="0" skipped="0">
  <properties>
    <property name="idea.version" value="2023.1.7"/>
    <property name="java.runtime.name" value="Java(TM) SE Runtime Environment"/>
    <property name="java.vm.version" value="20.0.1+9-29"/>
    <property name="sun.boot.library.path" value="/Library/Java/JavaVirtualMachines/jdk-20.jdk/Contents/Home/lib"/>
    <property name="maven.multiModuleProjectDirectory" value="/Users/tranthanhlam/Desktop/ECI_ContentModerator_Automation tesing"/>
    <property name="java.vm.vendor" value="Oracle Corporation"/>
    <property name="java.vendor.url" value="https://java.oracle.com/"/>
    <property name="guice.disable.misplaced.annotation.check" value="true"/>
    <property name="path.separator" value=":"/>
    <property name="java.vm.name" value="Java HotSpot(TM) 64-Bit Server VM"/>
    <property name="user.country" value="VN"/>
    <property name="sun.java.launcher" value="SUN_STANDARD"/>
    <property name="java.vm.specification.name" value="Java Virtual Machine Specification"/>
    <property name="user.dir" value="/Users/tranthanhlam/Desktop/ECI_ContentModerator_Automation tesing"/>
    <property name="java.vm.compressedOopsMode" value="Zero based"/>
    <property name="java.runtime.version" value="20.0.1+9-29"/>
    <property name="os.arch" value="aarch64"/>
    <property name="java.io.tmpdir" value="/var/folders/53/hdv8q1hs4yb9v7nsrttgw_b00000gn/T/"/>
    <property name="line.separator" value="
"/>
    <property name="java.vm.specification.vendor" value="Oracle Corporation"/>
    <property name="stderr.encoding" value="UTF-8"/>
    <property name="os.name" value="Mac OS X"/>
    <property name="maven.ext.class.path" value="/Applications/IntelliJ IDEA CE.app/Contents/plugins/maven/lib/maven-event-listener.jar"/>
    <property name="classworlds.conf" value="/Applications/IntelliJ IDEA CE.app/Contents/plugins/maven/lib/maven3/bin/m2.conf"/>
    <property name="sun.jnu.encoding" value="UTF-8"/>
    <property name="stdout.encoding" value="UTF-8"/>
    <property name="java.library.path" value="/Users/tranthanhlam/Library/Java/Extensions:/Library/Java/Extensions:/Network/Library/Java/Extensions:/System/Library/Java/Extensions:/usr/lib/java:."/>
    <property name="jansi.passthrough" value="true"/>
    <property name="maven.conf" value="/Applications/IntelliJ IDEA CE.app/Contents/plugins/maven/lib/maven3/conf"/>
    <property name="jdk.debug" value="release"/>
    <property name="java.class.version" value="64.0"/>
    <property name="java.specification.name" value="Java Platform API Specification"/>
    <property name="sun.management.compiler" value="HotSpot 64-Bit Tiered Compilers"/>
    <property name="os.version" value="14.2.1"/>
    <property name="http.nonProxyHosts" value="local|*.local|169.254/16|*.169.254/16"/>
    <property name="user.home" value="/Users/tranthanhlam"/>
    <property name="user.timezone" value="Asia/Ho_Chi_Minh"/>
    <property name="file.encoding" value="UTF-8"/>
    <property name="java.specification.version" value="20"/>
    <property name="user.name" value="tranthanhlam"/>
    <property name="java.class.path" value="/Applications/IntelliJ IDEA CE.app/Contents/plugins/maven/lib/maven3/boot/plexus-classworlds.license:/Applications/IntelliJ IDEA CE.app/Contents/plugins/maven/lib/maven3/boot/plexus-classworlds-2.6.0.jar"/>
    <property name="java.vm.specification.version" value="20"/>
    <property name="sun.arch.data.model" value="64"/>
    <property name="sun.java.command" value="org.codehaus.classworlds.Launcher -Didea.version=2023.1.7 test"/>
    <property name="java.home" value="/Library/Java/JavaVirtualMachines/jdk-20.jdk/Contents/Home"/>
    <property name="apple.awt.application.name" value="Launcher"/>
    <property name="user.language" value="en"/>
    <property name="java.specification.vendor" value="Oracle Corporation"/>
    <property name="java.vm.info" value="mixed mode, sharing"/>
    <property name="java.version" value="20.0.1"/>
    <property name="native.encoding" value="UTF-8"/>
    <property name="java.vendor" value="Oracle Corporation"/>
    <property name="sun.stderr.encoding" value="UTF-8"/>
    <property name="maven.home" value="/Applications/IntelliJ IDEA CE.app/Contents/plugins/maven/lib/maven3"/>
    <property name="file.separator" value="/"/>
    <property name="java.version.date" value="2023-04-18"/>
    <property name="java.vendor.url.bug" value="https://bugreport.java.com/bugreport/"/>
    <property name="sun.io.unicode.encoding" value="UnicodeBig"/>
    <property name="sun.cpu.endian" value="little"/>
    <property name="sun.stdout.encoding" value="UTF-8"/>
    <property name="socksNonProxyHosts" value="local|*.local|169.254/16|*.169.254/16"/>
    <property name="ftp.nonProxyHosts" value="local|*.local|169.254/16|*.169.254/16"/>
  </properties>
  <testcase classname="Tests.ProductLineTest" name="createProductLineValidation" time="1.617"/>
  <testcase classname="Tests.ProductLineTest" name="deleteProductLineValidation" time="0.316">
    <failure message="1 expectation failed.
Expected status code &lt;201&gt; but was &lt;404&gt;.
" type="java.lang.AssertionError">java.lang.AssertionError: 1 expectation failed.
Expected status code &lt;201&gt; but was &lt;404&gt;.
	at java.base/jdk.internal.reflect.DirectConstructorHandleAccessor.newInstance(DirectConstructorHandleAccessor.java:67)
	at java.base/java.lang.reflect.Constructor.newInstanceWithCaller(Constructor.java:500)
	at java.base/java.lang.reflect.Constructor.newInstance(Constructor.java:484)
	at org.codehaus.groovy.reflection.CachedConstructor.invoke(CachedConstructor.java:73)
	at org.codehaus.groovy.runtime.callsite.ConstructorSite$ConstructorSiteNoUnwrapNoCoerce.callConstructor(ConstructorSite.java:108)
	at org.codehaus.groovy.runtime.callsite.CallSiteArray.defaultCallConstructor(CallSiteArray.java:58)
	at org.codehaus.groovy.runtime.callsite.AbstractCallSite.callConstructor(AbstractCallSite.java:263)
	at org.codehaus.groovy.runtime.callsite.AbstractCallSite.callConstructor(AbstractCallSite.java:277)
	at io.restassured.internal.ResponseSpecificationImpl$HamcrestAssertionClosure.validate(ResponseSpecificationImpl.groovy:512)
	at io.restassured.internal.ResponseSpecificationImpl$HamcrestAssertionClosure$validate$1.call(Unknown Source)
	at io.restassured.internal.ResponseSpecificationImpl.validateResponseIfRequired(ResponseSpecificationImpl.groovy:696)
	at io.restassured.internal.ResponseSpecificationImpl.this$2$validateResponseIfRequired(ResponseSpecificationImpl.groovy)
	at java.base/jdk.internal.reflect.DirectMethodHandleAccessor.invoke(DirectMethodHandleAccessor.java:104)
	at java.base/java.lang.reflect.Method.invoke(Method.java:578)
	at org.codehaus.groovy.runtime.callsite.PlainObjectMetaMethodSite.doInvoke(PlainObjectMetaMethodSite.java:43)
	at org.codehaus.groovy.runtime.callsite.PogoMetaMethodSite$PogoCachedMethodSiteNoUnwrapNoCoerce.invoke(PogoMetaMethodSite.java:198)
	at org.codehaus.groovy.runtime.callsite.PogoMetaMethodSite.callCurrent(PogoMetaMethodSite.java:62)
	at org.codehaus.groovy.runtime.callsite.AbstractCallSite.callCurrent(AbstractCallSite.java:185)
	at io.restassured.internal.ResponseSpecificationImpl.statusCode(ResponseSpecificationImpl.groovy:135)
	at io.restassured.specification.ResponseSpecification$statusCode$0.callCurrent(Unknown Source)
	at io.restassured.internal.ResponseSpecificationImpl.statusCode(ResponseSpecificationImpl.groovy:143)
	at io.restassured.internal.ValidatableResponseOptionsImpl.statusCode(ValidatableResponseOptionsImpl.java:89)
	at Tests.ProductLineTest.deleteProductLineValidation(ProductLineTest.java:65)
</failure>
    <system-out>http://sl-api-eci-v1-20-0.datatrend.io/authentication
Token eyJhbGciOiJIUzI1NiIsInR5cCI6ImFjY2VzcyJ9.eyJ1c2VySWQiOjU4MTIsImlkIjo1ODEyLCJ1c2VyIjp7ImlkIjo1ODEyLCJlbWFpbCI6ImxhbXR0QHlvdW5ldGdyb3VwLmNvbSIsInBob25lIjoiMDAwMDAwMDAwMCIsImZ1bGxuYW1lIjoiTMOibSBUVCJ9LCJpYXQiOjE3MjA5ODI1MTgsImV4cCI6MTcyMzU3NDUxOCwiYXVkIjoiaHR0cHM6Ly95b3VyZG9tYWluLmNvbSIsImlzcyI6ImZlYXRoZXJzIiwic3ViIjoiNTgxMiIsImp0aSI6IjcxOTllNmVjLWJlYjAtNGQ4ZC05ZGE4LTA2ZmZiYmI0MzRkOSJ9.DBrDp5RhuuYe7n4NTmKPo8tCmO_iQ22Hpjk1ubqbJ00
{
    &quot;error&quot;: {
        &quot;name&quot;: &quot;NotFound&quot;,
        &quot;message&quot;: &quot;Page not found&quot;,
        &quot;code&quot;: 404,
        &quot;className&quot;: &quot;not-found&quot;,
        &quot;data&quot;: {
            &quot;url&quot;: &quot;/product-lines/9630&quot;
        },
        &quot;errors&quot;: {
            
        }
    }
}
</system-out>
  </testcase>
  <testcase classname="Tests.ProductLineTest" name="getListProductLineDefaultValidation" time="0.383">
    <failure message="1 expectation failed.
Expected status code &lt;200&gt; but was &lt;404&gt;.
" type="java.lang.AssertionError">java.lang.AssertionError: 1 expectation failed.
Expected status code &lt;200&gt; but was &lt;404&gt;.
	at java.base/jdk.internal.reflect.DirectConstructorHandleAccessor.newInstance(DirectConstructorHandleAccessor.java:67)
	at java.base/java.lang.reflect.Constructor.newInstanceWithCaller(Constructor.java:500)
	at java.base/java.lang.reflect.Constructor.newInstance(Constructor.java:484)
	at org.codehaus.groovy.reflection.CachedConstructor.invoke(CachedConstructor.java:73)
	at org.codehaus.groovy.runtime.callsite.ConstructorSite$ConstructorSiteNoUnwrapNoCoerce.callConstructor(ConstructorSite.java:108)
	at org.codehaus.groovy.runtime.callsite.AbstractCallSite.callConstructor(AbstractCallSite.java:277)
	at io.restassured.internal.ResponseSpecificationImpl$HamcrestAssertionClosure.validate(ResponseSpecificationImpl.groovy:512)
	at io.restassured.internal.ResponseSpecificationImpl$HamcrestAssertionClosure$validate$1.call(Unknown Source)
	at io.restassured.internal.ResponseSpecificationImpl.validateResponseIfRequired(ResponseSpecificationImpl.groovy:696)
	at io.restassured.internal.ResponseSpecificationImpl.this$2$validateResponseIfRequired(ResponseSpecificationImpl.groovy)
	at java.base/jdk.internal.reflect.DirectMethodHandleAccessor.invoke(DirectMethodHandleAccessor.java:104)
	at java.base/java.lang.reflect.Method.invoke(Method.java:578)
	at org.codehaus.groovy.runtime.callsite.PlainObjectMetaMethodSite.doInvoke(PlainObjectMetaMethodSite.java:43)
	at org.codehaus.groovy.runtime.callsite.PogoMetaMethodSite$PogoCachedMethodSiteNoUnwrapNoCoerce.invoke(PogoMetaMethodSite.java:198)
	at org.codehaus.groovy.runtime.callsite.PogoMetaMethodSite.callCurrent(PogoMetaMethodSite.java:62)
	at org.codehaus.groovy.runtime.callsite.AbstractCallSite.callCurrent(AbstractCallSite.java:185)
	at io.restassured.internal.ResponseSpecificationImpl.statusCode(ResponseSpecificationImpl.groovy:135)
	at io.restassured.specification.ResponseSpecification$statusCode$0.callCurrent(Unknown Source)
	at io.restassured.internal.ResponseSpecificationImpl.statusCode(ResponseSpecificationImpl.groovy:143)
	at io.restassured.internal.ValidatableResponseOptionsImpl.statusCode(ValidatableResponseOptionsImpl.java:89)
	at Tests.ProductLineTest.getListProductLineDefaultValidation(ProductLineTest.java:31)
</failure>
    <system-out>http://sl-api-eci-v1-20-0.datatrend.io/authentication
Token eyJhbGciOiJIUzI1NiIsInR5cCI6ImFjY2VzcyJ9.eyJ1c2VySWQiOjU4MTIsImlkIjo1ODEyLCJ1c2VyIjp7ImlkIjo1ODEyLCJlbWFpbCI6ImxhbXR0QHlvdW5ldGdyb3VwLmNvbSIsInBob25lIjoiMDAwMDAwMDAwMCIsImZ1bGxuYW1lIjoiTMOibSBUVCJ9LCJpYXQiOjE3MjA5ODI1MTksImV4cCI6MTcyMzU3NDUxOSwiYXVkIjoiaHR0cHM6Ly95b3VyZG9tYWluLmNvbSIsImlzcyI6ImZlYXRoZXJzIiwic3ViIjoiNTgxMiIsImp0aSI6IjBjYzA3ZTU1LTg3NzAtNGJhZC1hODFmLTA5NzExMDRkZDdlNiJ9.5v4e0tbxKEx8iumJ6X24hp8dkvB6GG7G3HDgSfGsDLI
{
    &quot;error&quot;: {
        &quot;name&quot;: &quot;NotFound&quot;,
        &quot;message&quot;: &quot;Page not found&quot;,
        &quot;code&quot;: 404,
        &quot;className&quot;: &quot;not-found&quot;,
        &quot;data&quot;: {
            &quot;url&quot;: &quot;/product-lines&quot;
        },
        &quot;errors&quot;: {
            
        }
    }
}
</system-out>
  </testcase>
  <testcase classname="Tests.ProductLineTest" name="updateProductLineValidation" time="0.259">
    <failure message="1 expectation failed.
Expected status code &lt;201&gt; but was &lt;404&gt;.
" type="java.lang.AssertionError">java.lang.AssertionError: 1 expectation failed.
Expected status code &lt;201&gt; but was &lt;404&gt;.
	at java.base/jdk.internal.reflect.DirectConstructorHandleAccessor.newInstance(DirectConstructorHandleAccessor.java:67)
	at java.base/java.lang.reflect.Constructor.newInstanceWithCaller(Constructor.java:500)
	at java.base/java.lang.reflect.Constructor.newInstance(Constructor.java:484)
	at org.codehaus.groovy.reflection.CachedConstructor.invoke(CachedConstructor.java:73)
	at org.codehaus.groovy.runtime.callsite.ConstructorSite$ConstructorSiteNoUnwrapNoCoerce.callConstructor(ConstructorSite.java:108)
	at org.codehaus.groovy.runtime.callsite.AbstractCallSite.callConstructor(AbstractCallSite.java:277)
	at io.restassured.internal.ResponseSpecificationImpl$HamcrestAssertionClosure.validate(ResponseSpecificationImpl.groovy:512)
	at io.restassured.internal.ResponseSpecificationImpl$HamcrestAssertionClosure$validate$1.call(Unknown Source)
	at io.restassured.internal.ResponseSpecificationImpl.validateResponseIfRequired(ResponseSpecificationImpl.groovy:696)
	at io.restassured.internal.ResponseSpecificationImpl.this$2$validateResponseIfRequired(ResponseSpecificationImpl.groovy)
	at java.base/jdk.internal.reflect.DirectMethodHandleAccessor.invoke(DirectMethodHandleAccessor.java:104)
	at java.base/java.lang.reflect.Method.invoke(Method.java:578)
	at org.codehaus.groovy.runtime.callsite.PlainObjectMetaMethodSite.doInvoke(PlainObjectMetaMethodSite.java:43)
	at org.codehaus.groovy.runtime.callsite.PogoMetaMethodSite$PogoCachedMethodSiteNoUnwrapNoCoerce.invoke(PogoMetaMethodSite.java:198)
	at org.codehaus.groovy.runtime.callsite.PogoMetaMethodSite.callCurrent(PogoMetaMethodSite.java:62)
	at org.codehaus.groovy.runtime.callsite.AbstractCallSite.callCurrent(AbstractCallSite.java:185)
	at io.restassured.internal.ResponseSpecificationImpl.statusCode(ResponseSpecificationImpl.groovy:135)
	at io.restassured.specification.ResponseSpecification$statusCode$0.callCurrent(Unknown Source)
	at io.restassured.internal.ResponseSpecificationImpl.statusCode(ResponseSpecificationImpl.groovy:143)
	at io.restassured.internal.ValidatableResponseOptionsImpl.statusCode(ValidatableResponseOptionsImpl.java:89)
	at Tests.ProductLineTest.updateProductLineValidation(ProductLineTest.java:52)
</failure>
    <system-out>http://sl-api-eci-v1-20-0.datatrend.io/authentication
Token eyJhbGciOiJIUzI1NiIsInR5cCI6ImFjY2VzcyJ9.eyJ1c2VySWQiOjU4MTIsImlkIjo1ODEyLCJ1c2VyIjp7ImlkIjo1ODEyLCJlbWFpbCI6ImxhbXR0QHlvdW5ldGdyb3VwLmNvbSIsInBob25lIjoiMDAwMDAwMDAwMCIsImZ1bGxuYW1lIjoiTMOibSBUVCJ9LCJpYXQiOjE3MjA5ODI1MTksImV4cCI6MTcyMzU3NDUxOSwiYXVkIjoiaHR0cHM6Ly95b3VyZG9tYWluLmNvbSIsImlzcyI6ImZlYXRoZXJzIiwic3ViIjoiNTgxMiIsImp0aSI6IjNjMjIwNmQ4LTY4N2ItNGY2YS1hOGY5LWQwNWJjNzkyZDQ5MCJ9.ZSf6k4nLOdyVkztXuQNG9TdSVh8BLcTk_1-bGfSmmGU
{
    &quot;error&quot;: {
        &quot;name&quot;: &quot;NotFound&quot;,
        &quot;message&quot;: &quot;Page not found&quot;,
        &quot;code&quot;: 404,
        &quot;className&quot;: &quot;not-found&quot;,
        &quot;data&quot;: {
            &quot;url&quot;: &quot;/product-lines/9622?%24eager=%5Bbrand%2Cindustry%5D&quot;
        },
        &quot;errors&quot;: {
            
        }
    }
}
</system-out>
  </testcase>
  <testcase classname="Tests.BrandTest" name="createBrandValidation" time="0.309">
    <failure message="com.fasterxml.jackson.databind.exc.UnrecognizedPropertyException: Unrecognized field &quot;error&quot; (class ObjectResponse.BrandResponse), not marked as ignorable (16 known properties: &quot;manufacturer_id&quot;, &quot;created_at&quot;, &quot;name&quot;, &quot;created_by&quot;, &quot;manufacturer&quot;, &quot;updatedBy&quot;, &quot;updated_at&quot;, &quot;name_exactly&quot;, &quot;deleted_at&quot;, &quot;id&quot;, &quot;createdBy&quot;, &quot;slug&quot;, &quot;not_archived&quot;, &quot;title&quot;, &quot;updated_by&quot;, &quot;is_active&quot;])
 at [Source: (String)&quot;{&quot;error&quot;:{&quot;name&quot;:&quot;NotFound&quot;,&quot;message&quot;:&quot;Page not found&quot;,&quot;code&quot;:404,&quot;className&quot;:&quot;not-found&quot;,&quot;data&quot;:{&quot;url&quot;:&quot;/brands?%24eager=%5Bmanufacturer%5D&quot;},&quot;errors&quot;:{}}}&quot;; line: 1, column: 11] (through reference chain: ObjectResponse.BrandResponse[&quot;error&quot;])" type="java.lang.RuntimeException">java.lang.RuntimeException: com.fasterxml.jackson.databind.exc.UnrecognizedPropertyException: Unrecognized field &quot;error&quot; (class ObjectResponse.BrandResponse), not marked as ignorable (16 known properties: &quot;manufacturer_id&quot;, &quot;created_at&quot;, &quot;name&quot;, &quot;created_by&quot;, &quot;manufacturer&quot;, &quot;updatedBy&quot;, &quot;updated_at&quot;, &quot;name_exactly&quot;, &quot;deleted_at&quot;, &quot;id&quot;, &quot;createdBy&quot;, &quot;slug&quot;, &quot;not_archived&quot;, &quot;title&quot;, &quot;updated_by&quot;, &quot;is_active&quot;])
 at [Source: (String)&quot;{&quot;error&quot;:{&quot;name&quot;:&quot;NotFound&quot;,&quot;message&quot;:&quot;Page not found&quot;,&quot;code&quot;:404,&quot;className&quot;:&quot;not-found&quot;,&quot;data&quot;:{&quot;url&quot;:&quot;/brands?%24eager=%5Bmanufacturer%5D&quot;},&quot;errors&quot;:{}}}&quot;; line: 1, column: 11] (through reference chain: ObjectResponse.BrandResponse[&quot;error&quot;])
	at io.restassured.internal.path.json.mapping.JsonPathJackson2ObjectDeserializer.deserialize(JsonPathJackson2ObjectDeserializer.java:30)
	at io.restassured.internal.path.json.mapping.JsonObjectDeserializer.deserializeWithJackson2(JsonObjectDeserializer.java:93)
	at io.restassured.internal.path.json.mapping.JsonObjectDeserializer.deserialize(JsonObjectDeserializer.java:53)
	at io.restassured.path.json.JsonPath.jsonStringToObject(JsonPath.java:1093)
	at io.restassured.path.json.JsonPath.getObject(JsonPath.java:560)
	at Tests.BrandTest.createBrandValidation(BrandTest.java:46)
Caused by: com.fasterxml.jackson.databind.exc.UnrecognizedPropertyException: Unrecognized field &quot;error&quot; (class ObjectResponse.BrandResponse), not marked as ignorable (16 known properties: &quot;manufacturer_id&quot;, &quot;created_at&quot;, &quot;name&quot;, &quot;created_by&quot;, &quot;manufacturer&quot;, &quot;updatedBy&quot;, &quot;updated_at&quot;, &quot;name_exactly&quot;, &quot;deleted_at&quot;, &quot;id&quot;, &quot;createdBy&quot;, &quot;slug&quot;, &quot;not_archived&quot;, &quot;title&quot;, &quot;updated_by&quot;, &quot;is_active&quot;])
 at [Source: (String)&quot;{&quot;error&quot;:{&quot;name&quot;:&quot;NotFound&quot;,&quot;message&quot;:&quot;Page not found&quot;,&quot;code&quot;:404,&quot;className&quot;:&quot;not-found&quot;,&quot;data&quot;:{&quot;url&quot;:&quot;/brands?%24eager=%5Bmanufacturer%5D&quot;},&quot;errors&quot;:{}}}&quot;; line: 1, column: 11] (through reference chain: ObjectResponse.BrandResponse[&quot;error&quot;])
	at com.fasterxml.jackson.databind.exc.UnrecognizedPropertyException.from(UnrecognizedPropertyException.java:61)
	at com.fasterxml.jackson.databind.DeserializationContext.handleUnknownProperty(DeserializationContext.java:1138)
	at com.fasterxml.jackson.databind.deser.std.StdDeserializer.handleUnknownProperty(StdDeserializer.java:2224)
	at com.fasterxml.jackson.databind.deser.BeanDeserializerBase.handleUnknownProperty(BeanDeserializerBase.java:1709)
	at com.fasterxml.jackson.databind.deser.BeanDeserializerBase.handleUnknownVanilla(BeanDeserializerBase.java:1687)
	at com.fasterxml.jackson.databind.deser.BeanDeserializer.vanillaDeserialize(BeanDeserializer.java:320)
	at com.fasterxml.jackson.databind.deser.BeanDeserializer.deserialize(BeanDeserializer.java:177)
	at com.fasterxml.jackson.databind.deser.DefaultDeserializationContext.readRootValue(DefaultDeserializationContext.java:323)
	at com.fasterxml.jackson.databind.ObjectMapper._readMapAndClose(ObjectMapper.java:4825)
	at com.fasterxml.jackson.databind.ObjectMapper.readValue(ObjectMapper.java:3772)
	at io.restassured.internal.path.json.mapping.JsonPathJackson2ObjectDeserializer.deserialize(JsonPathJackson2ObjectDeserializer.java:28)
	... 39 more
</failure>
    <system-out>http://sl-api-eci-v1-20-0.datatrend.io/authentication
Token eyJhbGciOiJIUzI1NiIsInR5cCI6ImFjY2VzcyJ9.eyJ1c2VySWQiOjU4MTIsImlkIjo1ODEyLCJ1c2VyIjp7ImlkIjo1ODEyLCJlbWFpbCI6ImxhbXR0QHlvdW5ldGdyb3VwLmNvbSIsInBob25lIjoiMDAwMDAwMDAwMCIsImZ1bGxuYW1lIjoiTMOibSBUVCJ9LCJpYXQiOjE3MjA5ODI1MTksImV4cCI6MTcyMzU3NDUxOSwiYXVkIjoiaHR0cHM6Ly95b3VyZG9tYWluLmNvbSIsImlzcyI6ImZlYXRoZXJzIiwic3ViIjoiNTgxMiIsImp0aSI6ImJjYzQ5NTQzLTJjZWEtNGIzNi04MWFlLWE3MDFkZWE4OGNjYSJ9.cSBgvU44HGeY5LvgRTaw-Jrs9Jr8_LdxBXyfQ6Ek3Po
{
    &quot;error&quot;: {
        &quot;name&quot;: &quot;NotFound&quot;,
        &quot;message&quot;: &quot;Page not found&quot;,
        &quot;code&quot;: 404,
        &quot;className&quot;: &quot;not-found&quot;,
        &quot;data&quot;: {
            &quot;url&quot;: &quot;/brands?%24eager=%5Bmanufacturer%5D&quot;
        },
        &quot;errors&quot;: {
            
        }
    }
}
</system-out>
  </testcase>
  <testcase classname="Tests.BrandTest" name="deleteBrandValidation" time="0.645">
    <failure message="1 expectation failed.
Expected status code &lt;200&gt; but was &lt;404&gt;.
" type="java.lang.AssertionError">java.lang.AssertionError: 1 expectation failed.
Expected status code &lt;200&gt; but was &lt;404&gt;.
	at java.base/jdk.internal.reflect.DirectConstructorHandleAccessor.newInstance(DirectConstructorHandleAccessor.java:67)
	at java.base/java.lang.reflect.Constructor.newInstanceWithCaller(Constructor.java:500)
	at java.base/java.lang.reflect.Constructor.newInstance(Constructor.java:484)
	at org.codehaus.groovy.reflection.CachedConstructor.invoke(CachedConstructor.java:73)
	at org.codehaus.groovy.runtime.callsite.ConstructorSite$ConstructorSiteNoUnwrapNoCoerce.callConstructor(ConstructorSite.java:108)
	at org.codehaus.groovy.runtime.callsite.AbstractCallSite.callConstructor(AbstractCallSite.java:277)
	at io.restassured.internal.ResponseSpecificationImpl$HamcrestAssertionClosure.validate(ResponseSpecificationImpl.groovy:512)
	at io.restassured.internal.ResponseSpecificationImpl$HamcrestAssertionClosure$validate$1.call(Unknown Source)
	at io.restassured.internal.ResponseSpecificationImpl.validateResponseIfRequired(ResponseSpecificationImpl.groovy:696)
	at io.restassured.internal.ResponseSpecificationImpl.this$2$validateResponseIfRequired(ResponseSpecificationImpl.groovy)
	at java.base/jdk.internal.reflect.DirectMethodHandleAccessor.invoke(DirectMethodHandleAccessor.java:104)
	at java.base/java.lang.reflect.Method.invoke(Method.java:578)
	at org.codehaus.groovy.runtime.callsite.PlainObjectMetaMethodSite.doInvoke(PlainObjectMetaMethodSite.java:43)
	at org.codehaus.groovy.runtime.callsite.PogoMetaMethodSite$PogoCachedMethodSiteNoUnwrapNoCoerce.invoke(PogoMetaMethodSite.java:198)
	at org.codehaus.groovy.runtime.callsite.PogoMetaMethodSite.callCurrent(PogoMetaMethodSite.java:62)
	at org.codehaus.groovy.runtime.callsite.AbstractCallSite.callCurrent(AbstractCallSite.java:185)
	at io.restassured.internal.ResponseSpecificationImpl.statusCode(ResponseSpecificationImpl.groovy:135)
	at io.restassured.specification.ResponseSpecification$statusCode$0.callCurrent(Unknown Source)
	at io.restassured.internal.ResponseSpecificationImpl.statusCode(ResponseSpecificationImpl.groovy:143)
	at io.restassured.internal.ValidatableResponseOptionsImpl.statusCode(ValidatableResponseOptionsImpl.java:89)
	at Tests.BrandTest.deleteBrandValidation(BrandTest.java:71)
</failure>
    <system-out>http://sl-api-eci-v1-20-0.datatrend.io/authentication
Token eyJhbGciOiJIUzI1NiIsInR5cCI6ImFjY2VzcyJ9.eyJ1c2VySWQiOjU4MTIsImlkIjo1ODEyLCJ1c2VyIjp7ImlkIjo1ODEyLCJlbWFpbCI6ImxhbXR0QHlvdW5ldGdyb3VwLmNvbSIsInBob25lIjoiMDAwMDAwMDAwMCIsImZ1bGxuYW1lIjoiTMOibSBUVCJ9LCJpYXQiOjE3MjA5ODI1MjAsImV4cCI6MTcyMzU3NDUyMCwiYXVkIjoiaHR0cHM6Ly95b3VyZG9tYWluLmNvbSIsImlzcyI6ImZlYXRoZXJzIiwic3ViIjoiNTgxMiIsImp0aSI6IjdjNGQ3MGIzLTVjODItNDc4MS1iYzgyLTI4ZWRkNzdiZDM4YyJ9.eWdCwP8v2D_JZZ16GQ0r5dpmgzxCmIpgO2A9PT8DznM
{
    &quot;error&quot;: {
        &quot;name&quot;: &quot;NotFound&quot;,
        &quot;message&quot;: &quot;Page not found&quot;,
        &quot;code&quot;: 404,
        &quot;className&quot;: &quot;not-found&quot;,
        &quot;data&quot;: {
            &quot;url&quot;: &quot;/brands/0&quot;
        },
        &quot;errors&quot;: {
            
        }
    }
}
</system-out>
  </testcase>
  <testcase classname="Tests.BrandTest" name="getListBrandDefaultValidation" time="0.887">
    <failure message="1 expectation failed.
Expected status code &lt;200&gt; but was &lt;404&gt;.
" type="java.lang.AssertionError">java.lang.AssertionError: 1 expectation failed.
Expected status code &lt;200&gt; but was &lt;404&gt;.
	at java.base/jdk.internal.reflect.DirectConstructorHandleAccessor.newInstance(DirectConstructorHandleAccessor.java:67)
	at java.base/java.lang.reflect.Constructor.newInstanceWithCaller(Constructor.java:500)
	at java.base/java.lang.reflect.Constructor.newInstance(Constructor.java:484)
	at org.codehaus.groovy.reflection.CachedConstructor.invoke(CachedConstructor.java:73)
	at org.codehaus.groovy.runtime.callsite.ConstructorSite$ConstructorSiteNoUnwrapNoCoerce.callConstructor(ConstructorSite.java:108)
	at org.codehaus.groovy.runtime.callsite.AbstractCallSite.callConstructor(AbstractCallSite.java:277)
	at io.restassured.internal.ResponseSpecificationImpl$HamcrestAssertionClosure.validate(ResponseSpecificationImpl.groovy:512)
	at io.restassured.internal.ResponseSpecificationImpl$HamcrestAssertionClosure$validate$1.call(Unknown Source)
	at io.restassured.internal.ResponseSpecificationImpl.validateResponseIfRequired(ResponseSpecificationImpl.groovy:696)
	at io.restassured.internal.ResponseSpecificationImpl.this$2$validateResponseIfRequired(ResponseSpecificationImpl.groovy)
	at java.base/jdk.internal.reflect.DirectMethodHandleAccessor.invoke(DirectMethodHandleAccessor.java:104)
	at java.base/java.lang.reflect.Method.invoke(Method.java:578)
	at org.codehaus.groovy.runtime.callsite.PlainObjectMetaMethodSite.doInvoke(PlainObjectMetaMethodSite.java:43)
	at org.codehaus.groovy.runtime.callsite.PogoMetaMethodSite$PogoCachedMethodSiteNoUnwrapNoCoerce.invoke(PogoMetaMethodSite.java:198)
	at org.codehaus.groovy.runtime.callsite.PogoMetaMethodSite.callCurrent(PogoMetaMethodSite.java:62)
	at org.codehaus.groovy.runtime.callsite.AbstractCallSite.callCurrent(AbstractCallSite.java:185)
	at io.restassured.internal.ResponseSpecificationImpl.statusCode(ResponseSpecificationImpl.groovy:135)
	at io.restassured.specification.ResponseSpecification$statusCode$0.callCurrent(Unknown Source)
	at io.restassured.internal.ResponseSpecificationImpl.statusCode(ResponseSpecificationImpl.groovy:143)
	at io.restassured.internal.ValidatableResponseOptionsImpl.statusCode(ValidatableResponseOptionsImpl.java:89)
	at Tests.BrandTest.getListBrandDefaultValidation(BrandTest.java:36)
</failure>
    <system-out>http://sl-api-eci-v1-20-0.datatrend.io/authentication
Token eyJhbGciOiJIUzI1NiIsInR5cCI6ImFjY2VzcyJ9.eyJ1c2VySWQiOjU4MTIsImlkIjo1ODEyLCJ1c2VyIjp7ImlkIjo1ODEyLCJlbWFpbCI6ImxhbXR0QHlvdW5ldGdyb3VwLmNvbSIsInBob25lIjoiMDAwMDAwMDAwMCIsImZ1bGxuYW1lIjoiTMOibSBUVCJ9LCJpYXQiOjE3MjA5ODI1MjAsImV4cCI6MTcyMzU3NDUyMCwiYXVkIjoiaHR0cHM6Ly95b3VyZG9tYWluLmNvbSIsImlzcyI6ImZlYXRoZXJzIiwic3ViIjoiNTgxMiIsImp0aSI6ImU2NjNhZGQ3LWU4OTctNGQyYy05MmZkLTM1MmQxNTQ3MDViNSJ9.yyItalijIhRa7MeSsG9DbCndJzyrjl19GX84op5IqC8
{
    &quot;error&quot;: {
        &quot;name&quot;: &quot;NotFound&quot;,
        &quot;message&quot;: &quot;Page not found&quot;,
        &quot;code&quot;: 404,
        &quot;className&quot;: &quot;not-found&quot;,
        &quot;data&quot;: {
            &quot;url&quot;: &quot;/brands&quot;
        },
        &quot;errors&quot;: {
            
        }
    }
}
</system-out>
  </testcase>
  <testcase classname="Tests.BrandTest" name="updateBrandValidation" time="0.457">
    <failure message="1 expectation failed.
Expected status code &lt;200&gt; but was &lt;404&gt;.
" type="java.lang.AssertionError">java.lang.AssertionError: 1 expectation failed.
Expected status code &lt;200&gt; but was &lt;404&gt;.
	at java.base/jdk.internal.reflect.DirectConstructorHandleAccessor.newInstance(DirectConstructorHandleAccessor.java:67)
	at java.base/java.lang.reflect.Constructor.newInstanceWithCaller(Constructor.java:500)
	at java.base/java.lang.reflect.Constructor.newInstance(Constructor.java:484)
	at org.codehaus.groovy.reflection.CachedConstructor.invoke(CachedConstructor.java:73)
	at org.codehaus.groovy.runtime.callsite.ConstructorSite$ConstructorSiteNoUnwrapNoCoerce.callConstructor(ConstructorSite.java:108)
	at org.codehaus.groovy.runtime.callsite.AbstractCallSite.callConstructor(AbstractCallSite.java:277)
	at io.restassured.internal.ResponseSpecificationImpl$HamcrestAssertionClosure.validate(ResponseSpecificationImpl.groovy:512)
	at io.restassured.internal.ResponseSpecificationImpl$HamcrestAssertionClosure$validate$1.call(Unknown Source)
	at io.restassured.internal.ResponseSpecificationImpl.validateResponseIfRequired(ResponseSpecificationImpl.groovy:696)
	at io.restassured.internal.ResponseSpecificationImpl.this$2$validateResponseIfRequired(ResponseSpecificationImpl.groovy)
	at java.base/jdk.internal.reflect.DirectMethodHandleAccessor.invoke(DirectMethodHandleAccessor.java:104)
	at java.base/java.lang.reflect.Method.invoke(Method.java:578)
	at org.codehaus.groovy.runtime.callsite.PlainObjectMetaMethodSite.doInvoke(PlainObjectMetaMethodSite.java:43)
	at org.codehaus.groovy.runtime.callsite.PogoMetaMethodSite$PogoCachedMethodSiteNoUnwrapNoCoerce.invoke(PogoMetaMethodSite.java:198)
	at org.codehaus.groovy.runtime.callsite.PogoMetaMethodSite.callCurrent(PogoMetaMethodSite.java:62)
	at org.codehaus.groovy.runtime.callsite.AbstractCallSite.callCurrent(AbstractCallSite.java:185)
	at io.restassured.internal.ResponseSpecificationImpl.statusCode(ResponseSpecificationImpl.groovy:135)
	at io.restassured.specification.ResponseSpecification$statusCode$0.callCurrent(Unknown Source)
	at io.restassured.internal.ResponseSpecificationImpl.statusCode(ResponseSpecificationImpl.groovy:143)
	at io.restassured.internal.ValidatableResponseOptionsImpl.statusCode(ValidatableResponseOptionsImpl.java:89)
	at Tests.BrandTest.updateBrandValidation(BrandTest.java:60)
</failure>
    <system-out>http://sl-api-eci-v1-20-0.datatrend.io/authentication
Token eyJhbGciOiJIUzI1NiIsInR5cCI6ImFjY2VzcyJ9.eyJ1c2VySWQiOjU4MTIsImlkIjo1ODEyLCJ1c2VyIjp7ImlkIjo1ODEyLCJlbWFpbCI6ImxhbXR0QHlvdW5ldGdyb3VwLmNvbSIsInBob25lIjoiMDAwMDAwMDAwMCIsImZ1bGxuYW1lIjoiTMOibSBUVCJ9LCJpYXQiOjE3MjA5ODI1MjEsImV4cCI6MTcyMzU3NDUyMSwiYXVkIjoiaHR0cHM6Ly95b3VyZG9tYWluLmNvbSIsImlzcyI6ImZlYXRoZXJzIiwic3ViIjoiNTgxMiIsImp0aSI6ImMxYzlmYWFlLTRmZDgtNDJkNC04NTRiLWU4MTRmOTk0NjRjMCJ9.8mmm0syUwV64RhXUZzmhG6ase56eX60Zuy9IwhCN-Zw
{
    &quot;error&quot;: {
        &quot;name&quot;: &quot;NotFound&quot;,
        &quot;message&quot;: &quot;Page not found&quot;,
        &quot;code&quot;: 404,
        &quot;className&quot;: &quot;not-found&quot;,
        &quot;data&quot;: {
            &quot;url&quot;: &quot;/brands/0?%24eager=%5Bmanufacturer%5D&quot;
        },
        &quot;errors&quot;: {
            
        }
    }
}
</system-out>
  </testcase>
  <testcase classname="Tests.ModelTest" name="createModelValidation" time="0.299">
    <failure message="1 expectation failed.
Expected status code &lt;201&gt; but was &lt;404&gt;.
" type="java.lang.AssertionError">java.lang.AssertionError: 1 expectation failed.
Expected status code &lt;201&gt; but was &lt;404&gt;.
	at java.base/jdk.internal.reflect.DirectConstructorHandleAccessor.newInstance(DirectConstructorHandleAccessor.java:67)
	at java.base/java.lang.reflect.Constructor.newInstanceWithCaller(Constructor.java:500)
	at java.base/java.lang.reflect.Constructor.newInstance(Constructor.java:484)
	at org.codehaus.groovy.reflection.CachedConstructor.invoke(CachedConstructor.java:73)
	at org.codehaus.groovy.runtime.callsite.ConstructorSite$ConstructorSiteNoUnwrapNoCoerce.callConstructor(ConstructorSite.java:108)
	at org.codehaus.groovy.runtime.callsite.AbstractCallSite.callConstructor(AbstractCallSite.java:277)
	at io.restassured.internal.ResponseSpecificationImpl$HamcrestAssertionClosure.validate(ResponseSpecificationImpl.groovy:512)
	at io.restassured.internal.ResponseSpecificationImpl$HamcrestAssertionClosure$validate$1.call(Unknown Source)
	at io.restassured.internal.ResponseSpecificationImpl.validateResponseIfRequired(ResponseSpecificationImpl.groovy:696)
	at io.restassured.internal.ResponseSpecificationImpl.this$2$validateResponseIfRequired(ResponseSpecificationImpl.groovy)
	at java.base/jdk.internal.reflect.DirectMethodHandleAccessor.invoke(DirectMethodHandleAccessor.java:104)
	at java.base/java.lang.reflect.Method.invoke(Method.java:578)
	at org.codehaus.groovy.runtime.callsite.PlainObjectMetaMethodSite.doInvoke(PlainObjectMetaMethodSite.java:43)
	at org.codehaus.groovy.runtime.callsite.PogoMetaMethodSite$PogoCachedMethodSiteNoUnwrapNoCoerce.invoke(PogoMetaMethodSite.java:198)
	at org.codehaus.groovy.runtime.callsite.PogoMetaMethodSite.callCurrent(PogoMetaMethodSite.java:62)
	at org.codehaus.groovy.runtime.callsite.AbstractCallSite.callCurrent(AbstractCallSite.java:185)
	at io.restassured.internal.ResponseSpecificationImpl.statusCode(ResponseSpecificationImpl.groovy:135)
	at io.restassured.specification.ResponseSpecification$statusCode$0.callCurrent(Unknown Source)
	at io.restassured.internal.ResponseSpecificationImpl.statusCode(ResponseSpecificationImpl.groovy:143)
	at io.restassured.internal.ValidatableResponseOptionsImpl.statusCode(ValidatableResponseOptionsImpl.java:89)
	at Tests.ModelTest.createModelValidation(ModelTest.java:45)
</failure>
    <system-out>http://sl-api-eci-v1-20-0.datatrend.io/authentication
Token eyJhbGciOiJIUzI1NiIsInR5cCI6ImFjY2VzcyJ9.eyJ1c2VySWQiOjU4MTIsImlkIjo1ODEyLCJ1c2VyIjp7ImlkIjo1ODEyLCJlbWFpbCI6ImxhbXR0QHlvdW5ldGdyb3VwLmNvbSIsInBob25lIjoiMDAwMDAwMDAwMCIsImZ1bGxuYW1lIjoiTMOibSBUVCJ9LCJpYXQiOjE3MjA5ODI1MjIsImV4cCI6MTcyMzU3NDUyMiwiYXVkIjoiaHR0cHM6Ly95b3VyZG9tYWluLmNvbSIsImlzcyI6ImZlYXRoZXJzIiwic3ViIjoiNTgxMiIsImp0aSI6ImVjZWFmYzNhLWRiZDMtNDBmYi04NzFhLTk2NzE5NDg4MTA4MyJ9.XX2ZtiS5bK1_RfCLqXrovkYzcVmn0V_wS_eQRRqb1-Q
{
    &quot;error&quot;: {
        &quot;name&quot;: &quot;NotFound&quot;,
        &quot;message&quot;: &quot;Page not found&quot;,
        &quot;code&quot;: 404,
        &quot;className&quot;: &quot;not-found&quot;,
        &quot;data&quot;: {
            &quot;url&quot;: &quot;/models?%24eager=product_line.%5Bbrand%2Cindustry%5D&quot;
        },
        &quot;errors&quot;: {
            
        }
    }
}
</system-out>
  </testcase>
  <testcase classname="Tests.ModelTest" name="deleteModelValidation" time="0.421">
    <failure message="expected [201] but found [404]" type="java.lang.AssertionError">java.lang.AssertionError: expected [201] but found [404]
	at org.testng.Assert.fail(Assert.java:111)
	at org.testng.Assert.failNotEquals(Assert.java:1578)
	at org.testng.Assert.assertEqualsImpl(Assert.java:150)
	at org.testng.Assert.assertEquals(Assert.java:132)
	at org.testng.Assert.assertEquals(Assert.java:1419)
	at org.testng.Assert.assertEquals(Assert.java:1383)
	at org.testng.Assert.assertEquals(Assert.java:1429)
	at Tests.ModelTest.deleteModelValidation(ModelTest.java:68)
</failure>
    <system-out>http://sl-api-eci-v1-20-0.datatrend.io/authentication
Token eyJhbGciOiJIUzI1NiIsInR5cCI6ImFjY2VzcyJ9.eyJ1c2VySWQiOjU4MTIsImlkIjo1ODEyLCJ1c2VyIjp7ImlkIjo1ODEyLCJlbWFpbCI6ImxhbXR0QHlvdW5ldGdyb3VwLmNvbSIsInBob25lIjoiMDAwMDAwMDAwMCIsImZ1bGxuYW1lIjoiTMOibSBUVCJ9LCJpYXQiOjE3MjA5ODI1MjIsImV4cCI6MTcyMzU3NDUyMiwiYXVkIjoiaHR0cHM6Ly95b3VyZG9tYWluLmNvbSIsImlzcyI6ImZlYXRoZXJzIiwic3ViIjoiNTgxMiIsImp0aSI6ImNmNzY0ZjEwLWU4ODctNDAxMi05NTliLTIwNzVjYjQ3ZDRlMyJ9.0g3S0jMglgS7qsvb07HYzhg-uLT0voCprLgqEka5aTg
</system-out>
  </testcase>
  <testcase classname="Tests.ModelTest" name="getListModelDefaultValidation" time="0.575">
    <failure message="1 expectation failed.
Expected status code &lt;200&gt; but was &lt;404&gt;.
" type="java.lang.AssertionError">java.lang.AssertionError: 1 expectation failed.
Expected status code &lt;200&gt; but was &lt;404&gt;.
	at java.base/jdk.internal.reflect.DirectConstructorHandleAccessor.newInstance(DirectConstructorHandleAccessor.java:67)
	at java.base/java.lang.reflect.Constructor.newInstanceWithCaller(Constructor.java:500)
	at java.base/java.lang.reflect.Constructor.newInstance(Constructor.java:484)
	at org.codehaus.groovy.reflection.CachedConstructor.invoke(CachedConstructor.java:73)
	at org.codehaus.groovy.runtime.callsite.ConstructorSite$ConstructorSiteNoUnwrapNoCoerce.callConstructor(ConstructorSite.java:108)
	at org.codehaus.groovy.runtime.callsite.AbstractCallSite.callConstructor(AbstractCallSite.java:277)
	at io.restassured.internal.ResponseSpecificationImpl$HamcrestAssertionClosure.validate(ResponseSpecificationImpl.groovy:512)
	at io.restassured.internal.ResponseSpecificationImpl$HamcrestAssertionClosure$validate$1.call(Unknown Source)
	at io.restassured.internal.ResponseSpecificationImpl.validateResponseIfRequired(ResponseSpecificationImpl.groovy:696)
	at io.restassured.internal.ResponseSpecificationImpl.this$2$validateResponseIfRequired(ResponseSpecificationImpl.groovy)
	at java.base/jdk.internal.reflect.DirectMethodHandleAccessor.invoke(DirectMethodHandleAccessor.java:104)
	at java.base/java.lang.reflect.Method.invoke(Method.java:578)
	at org.codehaus.groovy.runtime.callsite.PlainObjectMetaMethodSite.doInvoke(PlainObjectMetaMethodSite.java:43)
	at org.codehaus.groovy.runtime.callsite.PogoMetaMethodSite$PogoCachedMethodSiteNoUnwrapNoCoerce.invoke(PogoMetaMethodSite.java:198)
	at org.codehaus.groovy.runtime.callsite.PogoMetaMethodSite.callCurrent(PogoMetaMethodSite.java:62)
	at org.codehaus.groovy.runtime.callsite.AbstractCallSite.callCurrent(AbstractCallSite.java:185)
	at io.restassured.internal.ResponseSpecificationImpl.statusCode(ResponseSpecificationImpl.groovy:135)
	at io.restassured.specification.ResponseSpecification$statusCode$0.callCurrent(Unknown Source)
	at io.restassured.internal.ResponseSpecificationImpl.statusCode(ResponseSpecificationImpl.groovy:143)
	at io.restassured.internal.ValidatableResponseOptionsImpl.statusCode(ValidatableResponseOptionsImpl.java:89)
	at Tests.ModelTest.getListModelDefaultValidation(ModelTest.java:34)
</failure>
    <system-out>http://sl-api-eci-v1-20-0.datatrend.io/authentication
Token eyJhbGciOiJIUzI1NiIsInR5cCI6ImFjY2VzcyJ9.eyJ1c2VySWQiOjU4MTIsImlkIjo1ODEyLCJ1c2VyIjp7ImlkIjo1ODEyLCJlbWFpbCI6ImxhbXR0QHlvdW5ldGdyb3VwLmNvbSIsInBob25lIjoiMDAwMDAwMDAwMCIsImZ1bGxuYW1lIjoiTMOibSBUVCJ9LCJpYXQiOjE3MjA5ODI1MjIsImV4cCI6MTcyMzU3NDUyMiwiYXVkIjoiaHR0cHM6Ly95b3VyZG9tYWluLmNvbSIsImlzcyI6ImZlYXRoZXJzIiwic3ViIjoiNTgxMiIsImp0aSI6IjQwOWRjYzBmLTIxOTItNDJmOC1iYjBmLTBmMDY2NjlkNmZiYSJ9.eVq6hXD2eCy37V2tDqEhZUDB1Vs6btmtZfq7sYz1c7M
{
    &quot;error&quot;: {
        &quot;name&quot;: &quot;NotFound&quot;,
        &quot;message&quot;: &quot;Page not found&quot;,
        &quot;code&quot;: 404,
        &quot;className&quot;: &quot;not-found&quot;,
        &quot;data&quot;: {
            &quot;url&quot;: &quot;/view-product-models&quot;
        },
        &quot;errors&quot;: {
            
        }
    }
}
</system-out>
  </testcase>
  <testcase classname="Tests.ModelTest" name="updateModelValidation" time="0.307">
    <failure message="1 expectation failed.
Expected status code &lt;200&gt; but was &lt;404&gt;.
" type="java.lang.AssertionError">java.lang.AssertionError: 1 expectation failed.
Expected status code &lt;200&gt; but was &lt;404&gt;.
	at java.base/jdk.internal.reflect.DirectConstructorHandleAccessor.newInstance(DirectConstructorHandleAccessor.java:67)
	at java.base/java.lang.reflect.Constructor.newInstanceWithCaller(Constructor.java:500)
	at java.base/java.lang.reflect.Constructor.newInstance(Constructor.java:484)
	at org.codehaus.groovy.reflection.CachedConstructor.invoke(CachedConstructor.java:73)
	at org.codehaus.groovy.runtime.callsite.ConstructorSite$ConstructorSiteNoUnwrapNoCoerce.callConstructor(ConstructorSite.java:108)
	at org.codehaus.groovy.runtime.callsite.AbstractCallSite.callConstructor(AbstractCallSite.java:277)
	at io.restassured.internal.ResponseSpecificationImpl$HamcrestAssertionClosure.validate(ResponseSpecificationImpl.groovy:512)
	at io.restassured.internal.ResponseSpecificationImpl$HamcrestAssertionClosure$validate$1.call(Unknown Source)
	at io.restassured.internal.ResponseSpecificationImpl.validateResponseIfRequired(ResponseSpecificationImpl.groovy:696)
	at io.restassured.internal.ResponseSpecificationImpl.this$2$validateResponseIfRequired(ResponseSpecificationImpl.groovy)
	at java.base/jdk.internal.reflect.DirectMethodHandleAccessor.invoke(DirectMethodHandleAccessor.java:104)
	at java.base/java.lang.reflect.Method.invoke(Method.java:578)
	at org.codehaus.groovy.runtime.callsite.PlainObjectMetaMethodSite.doInvoke(PlainObjectMetaMethodSite.java:43)
	at org.codehaus.groovy.runtime.callsite.PogoMetaMethodSite$PogoCachedMethodSiteNoUnwrapNoCoerce.invoke(PogoMetaMethodSite.java:198)
	at org.codehaus.groovy.runtime.callsite.PogoMetaMethodSite.callCurrent(PogoMetaMethodSite.java:62)
	at org.codehaus.groovy.runtime.callsite.AbstractCallSite.callCurrent(AbstractCallSite.java:185)
	at io.restassured.internal.ResponseSpecificationImpl.statusCode(ResponseSpecificationImpl.groovy:135)
	at io.restassured.specification.ResponseSpecification$statusCode$0.callCurrent(Unknown Source)
	at io.restassured.internal.ResponseSpecificationImpl.statusCode(ResponseSpecificationImpl.groovy:143)
	at io.restassured.internal.ValidatableResponseOptionsImpl.statusCode(ValidatableResponseOptionsImpl.java:89)
	at Tests.ModelTest.updateModelValidation(ModelTest.java:56)
</failure>
    <system-out>http://sl-api-eci-v1-20-0.datatrend.io/authentication
Token eyJhbGciOiJIUzI1NiIsInR5cCI6ImFjY2VzcyJ9.eyJ1c2VySWQiOjU4MTIsImlkIjo1ODEyLCJ1c2VyIjp7ImlkIjo1ODEyLCJlbWFpbCI6ImxhbXR0QHlvdW5ldGdyb3VwLmNvbSIsInBob25lIjoiMDAwMDAwMDAwMCIsImZ1bGxuYW1lIjoiTMOibSBUVCJ9LCJpYXQiOjE3MjA5ODI1MjMsImV4cCI6MTcyMzU3NDUyMywiYXVkIjoiaHR0cHM6Ly95b3VyZG9tYWluLmNvbSIsImlzcyI6ImZlYXRoZXJzIiwic3ViIjoiNTgxMiIsImp0aSI6IjA1NzllN2M0LTRkYmEtNDRlMi1iYzRhLTk4NjRjOTNkNzlhYiJ9.ySx4YP-Q8q94pkdDbB5zuhG0SqaD76IW40Huf0FiXdc
{
    &quot;error&quot;: {
        &quot;name&quot;: &quot;NotFound&quot;,
        &quot;message&quot;: &quot;Page not found&quot;,
        &quot;code&quot;: 404,
        &quot;className&quot;: &quot;not-found&quot;,
        &quot;data&quot;: {
            &quot;url&quot;: &quot;/models/17407?%24eager=product_line.%5Bbrand%2Cindustry%5D&quot;
        },
        &quot;errors&quot;: {
            
        }
    }
}
</system-out>
  </testcase>
</testsuite>